<?xml version="1.0" encoding="UTF-8"?>
<testng-results skipped="0" failed="0" total="1" passed="1">
  <reporter-output>
  </reporter-output>
  <suite name="Default suite" duration-ms="34697" started-at="2020-06-14T18:54:40Z" finished-at="2020-06-14T18:55:15Z">
    <groups>
    </groups>
    <test name="Default test" duration-ms="34697" started-at="2020-06-14T18:54:40Z" finished-at="2020-06-14T18:55:15Z">
      <class name="bankAut.Guru99Bank_ext.SS1_Login">
        <test-method status="PASS" signature="test1()[pri:0, instance:bankAut.Guru99Bank_ext.SS1_Login@2471cca7]" name="test1" duration-ms="31506" started-at="2020-06-15T00:24:40Z" finished-at="2020-06-15T00:25:12Z">
          <reporter-output>
          </reporter-output>
        </test-method> <!-- test1 -->
        <test-method status="PASS" signature="at()[pri:0, instance:bankAut.Guru99Bank_ext.SS1_Login@2471cca7]" name="at" is-config="true" duration-ms="3175" started-at="2020-06-15T00:25:12Z" finished-at="2020-06-15T00:25:15Z">
          <reporter-output>
          </reporter-output>
        </test-method> <!-- at -->
      </class> <!-- bankAut.Guru99Bank_ext.SS1_Login -->
    </test> <!-- Default test -->
  </suite> <!-- Default suite -->
</testng-results>
